Created by PLY version 3.4 (http://www.dabeaz.com/ply)

Unused terminals:

    DTYPE_2PARAM
    EOL

Grammar

Rule 0     S' -> root
Rule 1     root -> tableBlock moreBlocks moreAlterBlocks
Rule 2     moreBlocks -> moreBlocks tableBlock
Rule 3     moreBlocks -> empty
Rule 4     tableBlock -> tableHeader attributeBlock moreAttributes SEMICOLON moreSequenceBlocks
Rule 5     moreAttributes -> moreAttributes attributeBlock
Rule 6     moreAttributes -> empty
Rule 7     tableHeader -> CREATE TABLE IDENTIFIER LPAREN
Rule 8     attributeBlock -> IDENTIFIER dtypes COMMA
Rule 9     attributeBlock -> IDENTIFIER dtypes constraintPart COMMA
Rule 10    attributeBlock -> IDENTIFIER dtypes RPAREN
Rule 11    attributeBlock -> IDENTIFIER dtypes constraintPart RPAREN
Rule 12    dtypes -> dtypeSolo moreDimensions
Rule 13    dtypes -> dtypeTwopart moreDimensions
Rule 14    dtypes -> dtypeTimezone moreDimensions
Rule 15    dtypeSolo -> DTYPE_SOLO
Rule 16    dtypeSolo -> DTYPE_BOTH_1PARAM
Rule 17    dtypeSolo -> DTYPE_SOLO_1PARAM2
Rule 18    dtypeSolo -> DTYPE_BOTH_1PARAM LPAREN parameter RPAREN
Rule 19    dtypeSolo -> DTYPE_SOLO_1PARAM2 LPAREN parameter RPAREN
Rule 20    dtypeSolo -> DTYPE_SOLO_1PARAM2 LPAREN parameter COMMA parameter RPAREN
Rule 21    dtypeTwopart -> DTYPE_BOTH_1PARAM DTYPE_PART2
Rule 22    dtypeTwopart -> DTYPE_PART1 DTYPE_PART2
Rule 23    dtypeTwopart -> DTYPE_BOTH_1PARAM DTYPE_PART2 LPAREN parameter RPAREN
Rule 24    dtypeTimezone -> DTYPE_TIMEZONE_PARAM LPAREN parameter RPAREN
Rule 25    dtypeTimezone -> DTYPE_TIMEZONE_PARAM IDENTIFIER DTYPE_TIMEZONE_PARAM IDENTIFIER
Rule 26    dtypeTimezone -> DTYPE_TIMEZONE_PARAM LPAREN parameter RPAREN IDENTIFIER DTYPE_TIMEZONE_PARAM IDENTIFIER
Rule 27    moreDimensions -> moreDimensions oneDimension
Rule 28    moreDimensions -> empty
Rule 29    oneDimension -> LBRACKET RBRACKET
Rule 30    oneDimension -> LBRACKET NUMBER RBRACKET
Rule 31    constraintPart -> constraintPart constraints
Rule 32    constraintPart -> empty
Rule 33    constraints -> NOT NULL
Rule 34    constraints -> NULL
Rule 35    constraints -> UNIQUE
Rule 36    parameter -> NUMBER
Rule 37    moreSequenceBlocks -> moreSequenceBlocks sequenceBlock
Rule 38    moreSequenceBlocks -> empty
Rule 39    sequenceBlock -> SEQUENCE IDENTIFIER OWNED BY IDENTIFIER PERIOD IDENTIFIER SEMICOLON
Rule 40    moreAlterBlocks -> moreAlterBlocks alterBlock
Rule 41    moreAlterBlocks -> empty
Rule 42    alterBlock -> alterHeader alterBody SEMICOLON
Rule 43    alterHeader -> ALTER TABLE ONLY IDENTIFIER
Rule 44    alterBody -> ADD CONSTRAINT IDENTIFIER PRIMARY KEY LPAREN IDENTIFIER RPAREN
Rule 45    alterBody -> ADD CONSTRAINT IDENTIFIER FOREIGN KEY LPAREN IDENTIFIER RPAREN REFERENCES IDENTIFIER LPAREN IDENTIFIER RPAREN
Rule 46    alterBody -> multi_attr_constr
Rule 47    multi_attr_constr -> ADD CONSTRAINT IDENTIFIER UNIQUE LPAREN multi_params RPAREN
Rule 48    multi_params -> multi_params multi_1param
Rule 49    multi_params -> empty
Rule 50    multi_1param -> IDENTIFIER COMMA
Rule 51    multi_1param -> IDENTIFIER
Rule 52    empty -> <empty>

Terminals, with rules where they appear

ADD                  : 44 45 47
ALTER                : 43
BY                   : 39
COMMA                : 8 9 20 50
CONSTRAINT           : 44 45 47
CREATE               : 7
DTYPE_2PARAM         : 
DTYPE_BOTH_1PARAM    : 16 18 21 23
DTYPE_PART1          : 22
DTYPE_PART2          : 21 22 23
DTYPE_SOLO           : 15
DTYPE_SOLO_1PARAM2   : 17 19 20
DTYPE_TIMEZONE_PARAM : 24 25 25 26 26
EOL                  : 
FOREIGN              : 45
IDENTIFIER           : 7 8 9 10 11 25 25 26 26 39 39 39 43 44 44 45 45 45 45 47 50 51
KEY                  : 44 45
LBRACKET             : 29 30
LPAREN               : 7 18 19 20 23 24 26 44 45 45 47
NOT                  : 33
NULL                 : 33 34
NUMBER               : 30 36
ONLY                 : 43
OWNED                : 39
PERIOD               : 39
PRIMARY              : 44
RBRACKET             : 29 30
REFERENCES           : 45
RPAREN               : 10 11 18 19 20 23 24 26 44 45 45 47
SEMICOLON            : 4 39 42
SEQUENCE             : 39
TABLE                : 7 43
UNIQUE               : 35 47
error                : 

Nonterminals, with rules where they appear

alterBlock           : 40
alterBody            : 42
alterHeader          : 42
attributeBlock       : 4 5
constraintPart       : 9 11 31
constraints          : 31
dtypeSolo            : 12
dtypeTimezone        : 14
dtypeTwopart         : 13
dtypes               : 8 9 10 11
empty                : 3 6 28 32 38 41 49
moreAlterBlocks      : 1 40
moreAttributes       : 4 5
moreBlocks           : 1 2
moreDimensions       : 12 13 14 27
moreSequenceBlocks   : 4 37
multi_1param         : 48
multi_attr_constr    : 46
multi_params         : 47 48
oneDimension         : 27
parameter            : 18 19 20 20 23 24 26
root                 : 0
sequenceBlock        : 37
tableBlock           : 1 2
tableHeader          : 4

Parsing method: LALR

state 0

    (0) S' -> . root
    (1) root -> . tableBlock moreBlocks moreAlterBlocks
    (4) tableBlock -> . tableHeader attributeBlock moreAttributes SEMICOLON moreSequenceBlocks
    (7) tableHeader -> . CREATE TABLE IDENTIFIER LPAREN

    CREATE          shift and go to state 3

    tableHeader                    shift and go to state 1
    tableBlock                     shift and go to state 2
    root                           shift and go to state 4

state 1

    (4) tableBlock -> tableHeader . attributeBlock moreAttributes SEMICOLON moreSequenceBlocks
    (8) attributeBlock -> . IDENTIFIER dtypes COMMA
    (9) attributeBlock -> . IDENTIFIER dtypes constraintPart COMMA
    (10) attributeBlock -> . IDENTIFIER dtypes RPAREN
    (11) attributeBlock -> . IDENTIFIER dtypes constraintPart RPAREN

    IDENTIFIER      shift and go to state 6

    attributeBlock                 shift and go to state 5

state 2

    (1) root -> tableBlock . moreBlocks moreAlterBlocks
    (2) moreBlocks -> . moreBlocks tableBlock
    (3) moreBlocks -> . empty
    (52) empty -> .

    CREATE          reduce using rule 52 (empty -> .)
    ALTER           reduce using rule 52 (empty -> .)
    $end            reduce using rule 52 (empty -> .)

    empty                          shift and go to state 7
    moreBlocks                     shift and go to state 8

state 3

    (7) tableHeader -> CREATE . TABLE IDENTIFIER LPAREN

    TABLE           shift and go to state 9


state 4

    (0) S' -> root .



state 5

    (4) tableBlock -> tableHeader attributeBlock . moreAttributes SEMICOLON moreSequenceBlocks
    (5) moreAttributes -> . moreAttributes attributeBlock
    (6) moreAttributes -> . empty
    (52) empty -> .

    SEMICOLON       reduce using rule 52 (empty -> .)
    IDENTIFIER      reduce using rule 52 (empty -> .)

    empty                          shift and go to state 11
    moreAttributes                 shift and go to state 10

state 6

    (8) attributeBlock -> IDENTIFIER . dtypes COMMA
    (9) attributeBlock -> IDENTIFIER . dtypes constraintPart COMMA
    (10) attributeBlock -> IDENTIFIER . dtypes RPAREN
    (11) attributeBlock -> IDENTIFIER . dtypes constraintPart RPAREN
    (12) dtypes -> . dtypeSolo moreDimensions
    (13) dtypes -> . dtypeTwopart moreDimensions
    (14) dtypes -> . dtypeTimezone moreDimensions
    (15) dtypeSolo -> . DTYPE_SOLO
    (16) dtypeSolo -> . DTYPE_BOTH_1PARAM
    (17) dtypeSolo -> . DTYPE_SOLO_1PARAM2
    (18) dtypeSolo -> . DTYPE_BOTH_1PARAM LPAREN parameter RPAREN
    (19) dtypeSolo -> . DTYPE_SOLO_1PARAM2 LPAREN parameter RPAREN
    (20) dtypeSolo -> . DTYPE_SOLO_1PARAM2 LPAREN parameter COMMA parameter RPAREN
    (21) dtypeTwopart -> . DTYPE_BOTH_1PARAM DTYPE_PART2
    (22) dtypeTwopart -> . DTYPE_PART1 DTYPE_PART2
    (23) dtypeTwopart -> . DTYPE_BOTH_1PARAM DTYPE_PART2 LPAREN parameter RPAREN
    (24) dtypeTimezone -> . DTYPE_TIMEZONE_PARAM LPAREN parameter RPAREN
    (25) dtypeTimezone -> . DTYPE_TIMEZONE_PARAM IDENTIFIER DTYPE_TIMEZONE_PARAM IDENTIFIER
    (26) dtypeTimezone -> . DTYPE_TIMEZONE_PARAM LPAREN parameter RPAREN IDENTIFIER DTYPE_TIMEZONE_PARAM IDENTIFIER

    DTYPE_SOLO      shift and go to state 16
    DTYPE_BOTH_1PARAM shift and go to state 20
    DTYPE_SOLO_1PARAM2 shift and go to state 15
    DTYPE_PART1     shift and go to state 13
    DTYPE_TIMEZONE_PARAM shift and go to state 19

    dtypeTimezone                  shift and go to state 12
    dtypeTwopart                   shift and go to state 14
    dtypeSolo                      shift and go to state 17
    dtypes                         shift and go to state 18

state 7

    (3) moreBlocks -> empty .

    CREATE          reduce using rule 3 (moreBlocks -> empty .)
    ALTER           reduce using rule 3 (moreBlocks -> empty .)
    $end            reduce using rule 3 (moreBlocks -> empty .)


state 8

    (1) root -> tableBlock moreBlocks . moreAlterBlocks
    (2) moreBlocks -> moreBlocks . tableBlock
    (40) moreAlterBlocks -> . moreAlterBlocks alterBlock
    (41) moreAlterBlocks -> . empty
    (4) tableBlock -> . tableHeader attributeBlock moreAttributes SEMICOLON moreSequenceBlocks
    (52) empty -> .
    (7) tableHeader -> . CREATE TABLE IDENTIFIER LPAREN

    ALTER           reduce using rule 52 (empty -> .)
    $end            reduce using rule 52 (empty -> .)
    CREATE          shift and go to state 3

    tableHeader                    shift and go to state 1
    moreAlterBlocks                shift and go to state 21
    tableBlock                     shift and go to state 22
    empty                          shift and go to state 23

state 9

    (7) tableHeader -> CREATE TABLE . IDENTIFIER LPAREN

    IDENTIFIER      shift and go to state 24


state 10

    (4) tableBlock -> tableHeader attributeBlock moreAttributes . SEMICOLON moreSequenceBlocks
    (5) moreAttributes -> moreAttributes . attributeBlock
    (8) attributeBlock -> . IDENTIFIER dtypes COMMA
    (9) attributeBlock -> . IDENTIFIER dtypes constraintPart COMMA
    (10) attributeBlock -> . IDENTIFIER dtypes RPAREN
    (11) attributeBlock -> . IDENTIFIER dtypes constraintPart RPAREN

    SEMICOLON       shift and go to state 25
    IDENTIFIER      shift and go to state 6

    attributeBlock                 shift and go to state 26

state 11

    (6) moreAttributes -> empty .

    SEMICOLON       reduce using rule 6 (moreAttributes -> empty .)
    IDENTIFIER      reduce using rule 6 (moreAttributes -> empty .)


state 12

    (14) dtypes -> dtypeTimezone . moreDimensions
    (27) moreDimensions -> . moreDimensions oneDimension
    (28) moreDimensions -> . empty
    (52) empty -> .

    LBRACKET        reduce using rule 52 (empty -> .)
    COMMA           reduce using rule 52 (empty -> .)
    RPAREN          reduce using rule 52 (empty -> .)
    NOT             reduce using rule 52 (empty -> .)
    NULL            reduce using rule 52 (empty -> .)
    UNIQUE          reduce using rule 52 (empty -> .)

    moreDimensions                 shift and go to state 27
    empty                          shift and go to state 28

state 13

    (22) dtypeTwopart -> DTYPE_PART1 . DTYPE_PART2

    DTYPE_PART2     shift and go to state 29


state 14

    (13) dtypes -> dtypeTwopart . moreDimensions
    (27) moreDimensions -> . moreDimensions oneDimension
    (28) moreDimensions -> . empty
    (52) empty -> .

    LBRACKET        reduce using rule 52 (empty -> .)
    COMMA           reduce using rule 52 (empty -> .)
    RPAREN          reduce using rule 52 (empty -> .)
    NOT             reduce using rule 52 (empty -> .)
    NULL            reduce using rule 52 (empty -> .)
    UNIQUE          reduce using rule 52 (empty -> .)

    moreDimensions                 shift and go to state 30
    empty                          shift and go to state 28

state 15

    (17) dtypeSolo -> DTYPE_SOLO_1PARAM2 .
    (19) dtypeSolo -> DTYPE_SOLO_1PARAM2 . LPAREN parameter RPAREN
    (20) dtypeSolo -> DTYPE_SOLO_1PARAM2 . LPAREN parameter COMMA parameter RPAREN

    LBRACKET        reduce using rule 17 (dtypeSolo -> DTYPE_SOLO_1PARAM2 .)
    COMMA           reduce using rule 17 (dtypeSolo -> DTYPE_SOLO_1PARAM2 .)
    RPAREN          reduce using rule 17 (dtypeSolo -> DTYPE_SOLO_1PARAM2 .)
    NOT             reduce using rule 17 (dtypeSolo -> DTYPE_SOLO_1PARAM2 .)
    NULL            reduce using rule 17 (dtypeSolo -> DTYPE_SOLO_1PARAM2 .)
    UNIQUE          reduce using rule 17 (dtypeSolo -> DTYPE_SOLO_1PARAM2 .)
    LPAREN          shift and go to state 31


state 16

    (15) dtypeSolo -> DTYPE_SOLO .

    LBRACKET        reduce using rule 15 (dtypeSolo -> DTYPE_SOLO .)
    COMMA           reduce using rule 15 (dtypeSolo -> DTYPE_SOLO .)
    RPAREN          reduce using rule 15 (dtypeSolo -> DTYPE_SOLO .)
    NOT             reduce using rule 15 (dtypeSolo -> DTYPE_SOLO .)
    NULL            reduce using rule 15 (dtypeSolo -> DTYPE_SOLO .)
    UNIQUE          reduce using rule 15 (dtypeSolo -> DTYPE_SOLO .)


state 17

    (12) dtypes -> dtypeSolo . moreDimensions
    (27) moreDimensions -> . moreDimensions oneDimension
    (28) moreDimensions -> . empty
    (52) empty -> .

    LBRACKET        reduce using rule 52 (empty -> .)
    COMMA           reduce using rule 52 (empty -> .)
    RPAREN          reduce using rule 52 (empty -> .)
    NOT             reduce using rule 52 (empty -> .)
    NULL            reduce using rule 52 (empty -> .)
    UNIQUE          reduce using rule 52 (empty -> .)

    moreDimensions                 shift and go to state 32
    empty                          shift and go to state 28

state 18

    (8) attributeBlock -> IDENTIFIER dtypes . COMMA
    (9) attributeBlock -> IDENTIFIER dtypes . constraintPart COMMA
    (10) attributeBlock -> IDENTIFIER dtypes . RPAREN
    (11) attributeBlock -> IDENTIFIER dtypes . constraintPart RPAREN
    (31) constraintPart -> . constraintPart constraints
    (32) constraintPart -> . empty
    (52) empty -> .

  ! shift/reduce conflict for COMMA resolved as shift
  ! shift/reduce conflict for RPAREN resolved as shift
    COMMA           shift and go to state 35
    RPAREN          shift and go to state 34
    NOT             reduce using rule 52 (empty -> .)
    NULL            reduce using rule 52 (empty -> .)
    UNIQUE          reduce using rule 52 (empty -> .)

  ! COMMA           [ reduce using rule 52 (empty -> .) ]
  ! RPAREN          [ reduce using rule 52 (empty -> .) ]

    constraintPart                 shift and go to state 33
    empty                          shift and go to state 36

state 19

    (24) dtypeTimezone -> DTYPE_TIMEZONE_PARAM . LPAREN parameter RPAREN
    (25) dtypeTimezone -> DTYPE_TIMEZONE_PARAM . IDENTIFIER DTYPE_TIMEZONE_PARAM IDENTIFIER
    (26) dtypeTimezone -> DTYPE_TIMEZONE_PARAM . LPAREN parameter RPAREN IDENTIFIER DTYPE_TIMEZONE_PARAM IDENTIFIER

    LPAREN          shift and go to state 38
    IDENTIFIER      shift and go to state 37


state 20

    (16) dtypeSolo -> DTYPE_BOTH_1PARAM .
    (18) dtypeSolo -> DTYPE_BOTH_1PARAM . LPAREN parameter RPAREN
    (21) dtypeTwopart -> DTYPE_BOTH_1PARAM . DTYPE_PART2
    (23) dtypeTwopart -> DTYPE_BOTH_1PARAM . DTYPE_PART2 LPAREN parameter RPAREN

    LBRACKET        reduce using rule 16 (dtypeSolo -> DTYPE_BOTH_1PARAM .)
    COMMA           reduce using rule 16 (dtypeSolo -> DTYPE_BOTH_1PARAM .)
    RPAREN          reduce using rule 16 (dtypeSolo -> DTYPE_BOTH_1PARAM .)
    NOT             reduce using rule 16 (dtypeSolo -> DTYPE_BOTH_1PARAM .)
    NULL            reduce using rule 16 (dtypeSolo -> DTYPE_BOTH_1PARAM .)
    UNIQUE          reduce using rule 16 (dtypeSolo -> DTYPE_BOTH_1PARAM .)
    LPAREN          shift and go to state 40
    DTYPE_PART2     shift and go to state 39


state 21

    (1) root -> tableBlock moreBlocks moreAlterBlocks .
    (40) moreAlterBlocks -> moreAlterBlocks . alterBlock
    (42) alterBlock -> . alterHeader alterBody SEMICOLON
    (43) alterHeader -> . ALTER TABLE ONLY IDENTIFIER

    $end            reduce using rule 1 (root -> tableBlock moreBlocks moreAlterBlocks .)
    ALTER           shift and go to state 43

    alterHeader                    shift and go to state 41
    alterBlock                     shift and go to state 42

state 22

    (2) moreBlocks -> moreBlocks tableBlock .

    CREATE          reduce using rule 2 (moreBlocks -> moreBlocks tableBlock .)
    ALTER           reduce using rule 2 (moreBlocks -> moreBlocks tableBlock .)
    $end            reduce using rule 2 (moreBlocks -> moreBlocks tableBlock .)


state 23

    (41) moreAlterBlocks -> empty .

    ALTER           reduce using rule 41 (moreAlterBlocks -> empty .)
    $end            reduce using rule 41 (moreAlterBlocks -> empty .)


state 24

    (7) tableHeader -> CREATE TABLE IDENTIFIER . LPAREN

    LPAREN          shift and go to state 44


state 25

    (4) tableBlock -> tableHeader attributeBlock moreAttributes SEMICOLON . moreSequenceBlocks
    (37) moreSequenceBlocks -> . moreSequenceBlocks sequenceBlock
    (38) moreSequenceBlocks -> . empty
    (52) empty -> .

    SEQUENCE        reduce using rule 52 (empty -> .)
    CREATE          reduce using rule 52 (empty -> .)
    ALTER           reduce using rule 52 (empty -> .)
    $end            reduce using rule 52 (empty -> .)

    moreSequenceBlocks             shift and go to state 45
    empty                          shift and go to state 46

state 26

    (5) moreAttributes -> moreAttributes attributeBlock .

    SEMICOLON       reduce using rule 5 (moreAttributes -> moreAttributes attributeBlock .)
    IDENTIFIER      reduce using rule 5 (moreAttributes -> moreAttributes attributeBlock .)


state 27

    (14) dtypes -> dtypeTimezone moreDimensions .
    (27) moreDimensions -> moreDimensions . oneDimension
    (29) oneDimension -> . LBRACKET RBRACKET
    (30) oneDimension -> . LBRACKET NUMBER RBRACKET

    COMMA           reduce using rule 14 (dtypes -> dtypeTimezone moreDimensions .)
    RPAREN          reduce using rule 14 (dtypes -> dtypeTimezone moreDimensions .)
    NOT             reduce using rule 14 (dtypes -> dtypeTimezone moreDimensions .)
    NULL            reduce using rule 14 (dtypes -> dtypeTimezone moreDimensions .)
    UNIQUE          reduce using rule 14 (dtypes -> dtypeTimezone moreDimensions .)
    LBRACKET        shift and go to state 48

    oneDimension                   shift and go to state 47

state 28

    (28) moreDimensions -> empty .

    LBRACKET        reduce using rule 28 (moreDimensions -> empty .)
    COMMA           reduce using rule 28 (moreDimensions -> empty .)
    RPAREN          reduce using rule 28 (moreDimensions -> empty .)
    NOT             reduce using rule 28 (moreDimensions -> empty .)
    NULL            reduce using rule 28 (moreDimensions -> empty .)
    UNIQUE          reduce using rule 28 (moreDimensions -> empty .)


state 29

    (22) dtypeTwopart -> DTYPE_PART1 DTYPE_PART2 .

    LBRACKET        reduce using rule 22 (dtypeTwopart -> DTYPE_PART1 DTYPE_PART2 .)
    COMMA           reduce using rule 22 (dtypeTwopart -> DTYPE_PART1 DTYPE_PART2 .)
    RPAREN          reduce using rule 22 (dtypeTwopart -> DTYPE_PART1 DTYPE_PART2 .)
    NOT             reduce using rule 22 (dtypeTwopart -> DTYPE_PART1 DTYPE_PART2 .)
    NULL            reduce using rule 22 (dtypeTwopart -> DTYPE_PART1 DTYPE_PART2 .)
    UNIQUE          reduce using rule 22 (dtypeTwopart -> DTYPE_PART1 DTYPE_PART2 .)


state 30

    (13) dtypes -> dtypeTwopart moreDimensions .
    (27) moreDimensions -> moreDimensions . oneDimension
    (29) oneDimension -> . LBRACKET RBRACKET
    (30) oneDimension -> . LBRACKET NUMBER RBRACKET

    COMMA           reduce using rule 13 (dtypes -> dtypeTwopart moreDimensions .)
    RPAREN          reduce using rule 13 (dtypes -> dtypeTwopart moreDimensions .)
    NOT             reduce using rule 13 (dtypes -> dtypeTwopart moreDimensions .)
    NULL            reduce using rule 13 (dtypes -> dtypeTwopart moreDimensions .)
    UNIQUE          reduce using rule 13 (dtypes -> dtypeTwopart moreDimensions .)
    LBRACKET        shift and go to state 48

    oneDimension                   shift and go to state 47

state 31

    (19) dtypeSolo -> DTYPE_SOLO_1PARAM2 LPAREN . parameter RPAREN
    (20) dtypeSolo -> DTYPE_SOLO_1PARAM2 LPAREN . parameter COMMA parameter RPAREN
    (36) parameter -> . NUMBER

    NUMBER          shift and go to state 49

    parameter                      shift and go to state 50

state 32

    (12) dtypes -> dtypeSolo moreDimensions .
    (27) moreDimensions -> moreDimensions . oneDimension
    (29) oneDimension -> . LBRACKET RBRACKET
    (30) oneDimension -> . LBRACKET NUMBER RBRACKET

    COMMA           reduce using rule 12 (dtypes -> dtypeSolo moreDimensions .)
    RPAREN          reduce using rule 12 (dtypes -> dtypeSolo moreDimensions .)
    NOT             reduce using rule 12 (dtypes -> dtypeSolo moreDimensions .)
    NULL            reduce using rule 12 (dtypes -> dtypeSolo moreDimensions .)
    UNIQUE          reduce using rule 12 (dtypes -> dtypeSolo moreDimensions .)
    LBRACKET        shift and go to state 48

    oneDimension                   shift and go to state 47

state 33

    (9) attributeBlock -> IDENTIFIER dtypes constraintPart . COMMA
    (11) attributeBlock -> IDENTIFIER dtypes constraintPart . RPAREN
    (31) constraintPart -> constraintPart . constraints
    (33) constraints -> . NOT NULL
    (34) constraints -> . NULL
    (35) constraints -> . UNIQUE

    COMMA           shift and go to state 54
    RPAREN          shift and go to state 53
    NOT             shift and go to state 55
    NULL            shift and go to state 52
    UNIQUE          shift and go to state 51

    constraints                    shift and go to state 56

state 34

    (10) attributeBlock -> IDENTIFIER dtypes RPAREN .

    SEMICOLON       reduce using rule 10 (attributeBlock -> IDENTIFIER dtypes RPAREN .)
    IDENTIFIER      reduce using rule 10 (attributeBlock -> IDENTIFIER dtypes RPAREN .)


state 35

    (8) attributeBlock -> IDENTIFIER dtypes COMMA .

    SEMICOLON       reduce using rule 8 (attributeBlock -> IDENTIFIER dtypes COMMA .)
    IDENTIFIER      reduce using rule 8 (attributeBlock -> IDENTIFIER dtypes COMMA .)


state 36

    (32) constraintPart -> empty .

    COMMA           reduce using rule 32 (constraintPart -> empty .)
    RPAREN          reduce using rule 32 (constraintPart -> empty .)
    NOT             reduce using rule 32 (constraintPart -> empty .)
    NULL            reduce using rule 32 (constraintPart -> empty .)
    UNIQUE          reduce using rule 32 (constraintPart -> empty .)


state 37

    (25) dtypeTimezone -> DTYPE_TIMEZONE_PARAM IDENTIFIER . DTYPE_TIMEZONE_PARAM IDENTIFIER

    DTYPE_TIMEZONE_PARAM shift and go to state 57


state 38

    (24) dtypeTimezone -> DTYPE_TIMEZONE_PARAM LPAREN . parameter RPAREN
    (26) dtypeTimezone -> DTYPE_TIMEZONE_PARAM LPAREN . parameter RPAREN IDENTIFIER DTYPE_TIMEZONE_PARAM IDENTIFIER
    (36) parameter -> . NUMBER

    NUMBER          shift and go to state 49

    parameter                      shift and go to state 58

state 39

    (21) dtypeTwopart -> DTYPE_BOTH_1PARAM DTYPE_PART2 .
    (23) dtypeTwopart -> DTYPE_BOTH_1PARAM DTYPE_PART2 . LPAREN parameter RPAREN

    LBRACKET        reduce using rule 21 (dtypeTwopart -> DTYPE_BOTH_1PARAM DTYPE_PART2 .)
    COMMA           reduce using rule 21 (dtypeTwopart -> DTYPE_BOTH_1PARAM DTYPE_PART2 .)
    RPAREN          reduce using rule 21 (dtypeTwopart -> DTYPE_BOTH_1PARAM DTYPE_PART2 .)
    NOT             reduce using rule 21 (dtypeTwopart -> DTYPE_BOTH_1PARAM DTYPE_PART2 .)
    NULL            reduce using rule 21 (dtypeTwopart -> DTYPE_BOTH_1PARAM DTYPE_PART2 .)
    UNIQUE          reduce using rule 21 (dtypeTwopart -> DTYPE_BOTH_1PARAM DTYPE_PART2 .)
    LPAREN          shift and go to state 59


state 40

    (18) dtypeSolo -> DTYPE_BOTH_1PARAM LPAREN . parameter RPAREN
    (36) parameter -> . NUMBER

    NUMBER          shift and go to state 49

    parameter                      shift and go to state 60

state 41

    (42) alterBlock -> alterHeader . alterBody SEMICOLON
    (44) alterBody -> . ADD CONSTRAINT IDENTIFIER PRIMARY KEY LPAREN IDENTIFIER RPAREN
    (45) alterBody -> . ADD CONSTRAINT IDENTIFIER FOREIGN KEY LPAREN IDENTIFIER RPAREN REFERENCES IDENTIFIER LPAREN IDENTIFIER RPAREN
    (46) alterBody -> . multi_attr_constr
    (47) multi_attr_constr -> . ADD CONSTRAINT IDENTIFIER UNIQUE LPAREN multi_params RPAREN

    ADD             shift and go to state 61

    alterBody                      shift and go to state 62
    multi_attr_constr              shift and go to state 63

state 42

    (40) moreAlterBlocks -> moreAlterBlocks alterBlock .

    ALTER           reduce using rule 40 (moreAlterBlocks -> moreAlterBlocks alterBlock .)
    $end            reduce using rule 40 (moreAlterBlocks -> moreAlterBlocks alterBlock .)


state 43

    (43) alterHeader -> ALTER . TABLE ONLY IDENTIFIER

    TABLE           shift and go to state 64


state 44

    (7) tableHeader -> CREATE TABLE IDENTIFIER LPAREN .

    IDENTIFIER      reduce using rule 7 (tableHeader -> CREATE TABLE IDENTIFIER LPAREN .)


state 45

    (4) tableBlock -> tableHeader attributeBlock moreAttributes SEMICOLON moreSequenceBlocks .
    (37) moreSequenceBlocks -> moreSequenceBlocks . sequenceBlock
    (39) sequenceBlock -> . SEQUENCE IDENTIFIER OWNED BY IDENTIFIER PERIOD IDENTIFIER SEMICOLON

    CREATE          reduce using rule 4 (tableBlock -> tableHeader attributeBlock moreAttributes SEMICOLON moreSequenceBlocks .)
    ALTER           reduce using rule 4 (tableBlock -> tableHeader attributeBlock moreAttributes SEMICOLON moreSequenceBlocks .)
    $end            reduce using rule 4 (tableBlock -> tableHeader attributeBlock moreAttributes SEMICOLON moreSequenceBlocks .)
    SEQUENCE        shift and go to state 65

    sequenceBlock                  shift and go to state 66

state 46

    (38) moreSequenceBlocks -> empty .

    SEQUENCE        reduce using rule 38 (moreSequenceBlocks -> empty .)
    CREATE          reduce using rule 38 (moreSequenceBlocks -> empty .)
    ALTER           reduce using rule 38 (moreSequenceBlocks -> empty .)
    $end            reduce using rule 38 (moreSequenceBlocks -> empty .)


state 47

    (27) moreDimensions -> moreDimensions oneDimension .

    LBRACKET        reduce using rule 27 (moreDimensions -> moreDimensions oneDimension .)
    COMMA           reduce using rule 27 (moreDimensions -> moreDimensions oneDimension .)
    RPAREN          reduce using rule 27 (moreDimensions -> moreDimensions oneDimension .)
    NOT             reduce using rule 27 (moreDimensions -> moreDimensions oneDimension .)
    NULL            reduce using rule 27 (moreDimensions -> moreDimensions oneDimension .)
    UNIQUE          reduce using rule 27 (moreDimensions -> moreDimensions oneDimension .)


state 48

    (29) oneDimension -> LBRACKET . RBRACKET
    (30) oneDimension -> LBRACKET . NUMBER RBRACKET

    RBRACKET        shift and go to state 67
    NUMBER          shift and go to state 68


state 49

    (36) parameter -> NUMBER .

    RPAREN          reduce using rule 36 (parameter -> NUMBER .)
    COMMA           reduce using rule 36 (parameter -> NUMBER .)


state 50

    (19) dtypeSolo -> DTYPE_SOLO_1PARAM2 LPAREN parameter . RPAREN
    (20) dtypeSolo -> DTYPE_SOLO_1PARAM2 LPAREN parameter . COMMA parameter RPAREN

    RPAREN          shift and go to state 69
    COMMA           shift and go to state 70


state 51

    (35) constraints -> UNIQUE .

    COMMA           reduce using rule 35 (constraints -> UNIQUE .)
    RPAREN          reduce using rule 35 (constraints -> UNIQUE .)
    NOT             reduce using rule 35 (constraints -> UNIQUE .)
    NULL            reduce using rule 35 (constraints -> UNIQUE .)
    UNIQUE          reduce using rule 35 (constraints -> UNIQUE .)


state 52

    (34) constraints -> NULL .

    COMMA           reduce using rule 34 (constraints -> NULL .)
    RPAREN          reduce using rule 34 (constraints -> NULL .)
    NOT             reduce using rule 34 (constraints -> NULL .)
    NULL            reduce using rule 34 (constraints -> NULL .)
    UNIQUE          reduce using rule 34 (constraints -> NULL .)


state 53

    (11) attributeBlock -> IDENTIFIER dtypes constraintPart RPAREN .

    SEMICOLON       reduce using rule 11 (attributeBlock -> IDENTIFIER dtypes constraintPart RPAREN .)
    IDENTIFIER      reduce using rule 11 (attributeBlock -> IDENTIFIER dtypes constraintPart RPAREN .)


state 54

    (9) attributeBlock -> IDENTIFIER dtypes constraintPart COMMA .

    SEMICOLON       reduce using rule 9 (attributeBlock -> IDENTIFIER dtypes constraintPart COMMA .)
    IDENTIFIER      reduce using rule 9 (attributeBlock -> IDENTIFIER dtypes constraintPart COMMA .)


state 55

    (33) constraints -> NOT . NULL

    NULL            shift and go to state 71


state 56

    (31) constraintPart -> constraintPart constraints .

    COMMA           reduce using rule 31 (constraintPart -> constraintPart constraints .)
    RPAREN          reduce using rule 31 (constraintPart -> constraintPart constraints .)
    NOT             reduce using rule 31 (constraintPart -> constraintPart constraints .)
    NULL            reduce using rule 31 (constraintPart -> constraintPart constraints .)
    UNIQUE          reduce using rule 31 (constraintPart -> constraintPart constraints .)


state 57

    (25) dtypeTimezone -> DTYPE_TIMEZONE_PARAM IDENTIFIER DTYPE_TIMEZONE_PARAM . IDENTIFIER

    IDENTIFIER      shift and go to state 72


state 58

    (24) dtypeTimezone -> DTYPE_TIMEZONE_PARAM LPAREN parameter . RPAREN
    (26) dtypeTimezone -> DTYPE_TIMEZONE_PARAM LPAREN parameter . RPAREN IDENTIFIER DTYPE_TIMEZONE_PARAM IDENTIFIER

    RPAREN          shift and go to state 73


state 59

    (23) dtypeTwopart -> DTYPE_BOTH_1PARAM DTYPE_PART2 LPAREN . parameter RPAREN
    (36) parameter -> . NUMBER

    NUMBER          shift and go to state 49

    parameter                      shift and go to state 74

state 60

    (18) dtypeSolo -> DTYPE_BOTH_1PARAM LPAREN parameter . RPAREN

    RPAREN          shift and go to state 75


state 61

    (44) alterBody -> ADD . CONSTRAINT IDENTIFIER PRIMARY KEY LPAREN IDENTIFIER RPAREN
    (45) alterBody -> ADD . CONSTRAINT IDENTIFIER FOREIGN KEY LPAREN IDENTIFIER RPAREN REFERENCES IDENTIFIER LPAREN IDENTIFIER RPAREN
    (47) multi_attr_constr -> ADD . CONSTRAINT IDENTIFIER UNIQUE LPAREN multi_params RPAREN

    CONSTRAINT      shift and go to state 76


state 62

    (42) alterBlock -> alterHeader alterBody . SEMICOLON

    SEMICOLON       shift and go to state 77


state 63

    (46) alterBody -> multi_attr_constr .

    SEMICOLON       reduce using rule 46 (alterBody -> multi_attr_constr .)


state 64

    (43) alterHeader -> ALTER TABLE . ONLY IDENTIFIER

    ONLY            shift and go to state 78


state 65

    (39) sequenceBlock -> SEQUENCE . IDENTIFIER OWNED BY IDENTIFIER PERIOD IDENTIFIER SEMICOLON

    IDENTIFIER      shift and go to state 79


state 66

    (37) moreSequenceBlocks -> moreSequenceBlocks sequenceBlock .

    SEQUENCE        reduce using rule 37 (moreSequenceBlocks -> moreSequenceBlocks sequenceBlock .)
    CREATE          reduce using rule 37 (moreSequenceBlocks -> moreSequenceBlocks sequenceBlock .)
    ALTER           reduce using rule 37 (moreSequenceBlocks -> moreSequenceBlocks sequenceBlock .)
    $end            reduce using rule 37 (moreSequenceBlocks -> moreSequenceBlocks sequenceBlock .)


state 67

    (29) oneDimension -> LBRACKET RBRACKET .

    LBRACKET        reduce using rule 29 (oneDimension -> LBRACKET RBRACKET .)
    COMMA           reduce using rule 29 (oneDimension -> LBRACKET RBRACKET .)
    RPAREN          reduce using rule 29 (oneDimension -> LBRACKET RBRACKET .)
    NOT             reduce using rule 29 (oneDimension -> LBRACKET RBRACKET .)
    NULL            reduce using rule 29 (oneDimension -> LBRACKET RBRACKET .)
    UNIQUE          reduce using rule 29 (oneDimension -> LBRACKET RBRACKET .)


state 68

    (30) oneDimension -> LBRACKET NUMBER . RBRACKET

    RBRACKET        shift and go to state 80


state 69

    (19) dtypeSolo -> DTYPE_SOLO_1PARAM2 LPAREN parameter RPAREN .

    LBRACKET        reduce using rule 19 (dtypeSolo -> DTYPE_SOLO_1PARAM2 LPAREN parameter RPAREN .)
    COMMA           reduce using rule 19 (dtypeSolo -> DTYPE_SOLO_1PARAM2 LPAREN parameter RPAREN .)
    RPAREN          reduce using rule 19 (dtypeSolo -> DTYPE_SOLO_1PARAM2 LPAREN parameter RPAREN .)
    NOT             reduce using rule 19 (dtypeSolo -> DTYPE_SOLO_1PARAM2 LPAREN parameter RPAREN .)
    NULL            reduce using rule 19 (dtypeSolo -> DTYPE_SOLO_1PARAM2 LPAREN parameter RPAREN .)
    UNIQUE          reduce using rule 19 (dtypeSolo -> DTYPE_SOLO_1PARAM2 LPAREN parameter RPAREN .)


state 70

    (20) dtypeSolo -> DTYPE_SOLO_1PARAM2 LPAREN parameter COMMA . parameter RPAREN
    (36) parameter -> . NUMBER

    NUMBER          shift and go to state 49

    parameter                      shift and go to state 81

state 71

    (33) constraints -> NOT NULL .

    COMMA           reduce using rule 33 (constraints -> NOT NULL .)
    RPAREN          reduce using rule 33 (constraints -> NOT NULL .)
    NOT             reduce using rule 33 (constraints -> NOT NULL .)
    NULL            reduce using rule 33 (constraints -> NOT NULL .)
    UNIQUE          reduce using rule 33 (constraints -> NOT NULL .)


state 72

    (25) dtypeTimezone -> DTYPE_TIMEZONE_PARAM IDENTIFIER DTYPE_TIMEZONE_PARAM IDENTIFIER .

    LBRACKET        reduce using rule 25 (dtypeTimezone -> DTYPE_TIMEZONE_PARAM IDENTIFIER DTYPE_TIMEZONE_PARAM IDENTIFIER .)
    COMMA           reduce using rule 25 (dtypeTimezone -> DTYPE_TIMEZONE_PARAM IDENTIFIER DTYPE_TIMEZONE_PARAM IDENTIFIER .)
    RPAREN          reduce using rule 25 (dtypeTimezone -> DTYPE_TIMEZONE_PARAM IDENTIFIER DTYPE_TIMEZONE_PARAM IDENTIFIER .)
    NOT             reduce using rule 25 (dtypeTimezone -> DTYPE_TIMEZONE_PARAM IDENTIFIER DTYPE_TIMEZONE_PARAM IDENTIFIER .)
    NULL            reduce using rule 25 (dtypeTimezone -> DTYPE_TIMEZONE_PARAM IDENTIFIER DTYPE_TIMEZONE_PARAM IDENTIFIER .)
    UNIQUE          reduce using rule 25 (dtypeTimezone -> DTYPE_TIMEZONE_PARAM IDENTIFIER DTYPE_TIMEZONE_PARAM IDENTIFIER .)


state 73

    (24) dtypeTimezone -> DTYPE_TIMEZONE_PARAM LPAREN parameter RPAREN .
    (26) dtypeTimezone -> DTYPE_TIMEZONE_PARAM LPAREN parameter RPAREN . IDENTIFIER DTYPE_TIMEZONE_PARAM IDENTIFIER

    LBRACKET        reduce using rule 24 (dtypeTimezone -> DTYPE_TIMEZONE_PARAM LPAREN parameter RPAREN .)
    COMMA           reduce using rule 24 (dtypeTimezone -> DTYPE_TIMEZONE_PARAM LPAREN parameter RPAREN .)
    RPAREN          reduce using rule 24 (dtypeTimezone -> DTYPE_TIMEZONE_PARAM LPAREN parameter RPAREN .)
    NOT             reduce using rule 24 (dtypeTimezone -> DTYPE_TIMEZONE_PARAM LPAREN parameter RPAREN .)
    NULL            reduce using rule 24 (dtypeTimezone -> DTYPE_TIMEZONE_PARAM LPAREN parameter RPAREN .)
    UNIQUE          reduce using rule 24 (dtypeTimezone -> DTYPE_TIMEZONE_PARAM LPAREN parameter RPAREN .)
    IDENTIFIER      shift and go to state 82


state 74

    (23) dtypeTwopart -> DTYPE_BOTH_1PARAM DTYPE_PART2 LPAREN parameter . RPAREN

    RPAREN          shift and go to state 83


state 75

    (18) dtypeSolo -> DTYPE_BOTH_1PARAM LPAREN parameter RPAREN .

    LBRACKET        reduce using rule 18 (dtypeSolo -> DTYPE_BOTH_1PARAM LPAREN parameter RPAREN .)
    COMMA           reduce using rule 18 (dtypeSolo -> DTYPE_BOTH_1PARAM LPAREN parameter RPAREN .)
    RPAREN          reduce using rule 18 (dtypeSolo -> DTYPE_BOTH_1PARAM LPAREN parameter RPAREN .)
    NOT             reduce using rule 18 (dtypeSolo -> DTYPE_BOTH_1PARAM LPAREN parameter RPAREN .)
    NULL            reduce using rule 18 (dtypeSolo -> DTYPE_BOTH_1PARAM LPAREN parameter RPAREN .)
    UNIQUE          reduce using rule 18 (dtypeSolo -> DTYPE_BOTH_1PARAM LPAREN parameter RPAREN .)


state 76

    (44) alterBody -> ADD CONSTRAINT . IDENTIFIER PRIMARY KEY LPAREN IDENTIFIER RPAREN
    (45) alterBody -> ADD CONSTRAINT . IDENTIFIER FOREIGN KEY LPAREN IDENTIFIER RPAREN REFERENCES IDENTIFIER LPAREN IDENTIFIER RPAREN
    (47) multi_attr_constr -> ADD CONSTRAINT . IDENTIFIER UNIQUE LPAREN multi_params RPAREN

    IDENTIFIER      shift and go to state 84


state 77

    (42) alterBlock -> alterHeader alterBody SEMICOLON .

    ALTER           reduce using rule 42 (alterBlock -> alterHeader alterBody SEMICOLON .)
    $end            reduce using rule 42 (alterBlock -> alterHeader alterBody SEMICOLON .)


state 78

    (43) alterHeader -> ALTER TABLE ONLY . IDENTIFIER

    IDENTIFIER      shift and go to state 85


state 79

    (39) sequenceBlock -> SEQUENCE IDENTIFIER . OWNED BY IDENTIFIER PERIOD IDENTIFIER SEMICOLON

    OWNED           shift and go to state 86


state 80

    (30) oneDimension -> LBRACKET NUMBER RBRACKET .

    LBRACKET        reduce using rule 30 (oneDimension -> LBRACKET NUMBER RBRACKET .)
    COMMA           reduce using rule 30 (oneDimension -> LBRACKET NUMBER RBRACKET .)
    RPAREN          reduce using rule 30 (oneDimension -> LBRACKET NUMBER RBRACKET .)
    NOT             reduce using rule 30 (oneDimension -> LBRACKET NUMBER RBRACKET .)
    NULL            reduce using rule 30 (oneDimension -> LBRACKET NUMBER RBRACKET .)
    UNIQUE          reduce using rule 30 (oneDimension -> LBRACKET NUMBER RBRACKET .)


state 81

    (20) dtypeSolo -> DTYPE_SOLO_1PARAM2 LPAREN parameter COMMA parameter . RPAREN

    RPAREN          shift and go to state 87


state 82

    (26) dtypeTimezone -> DTYPE_TIMEZONE_PARAM LPAREN parameter RPAREN IDENTIFIER . DTYPE_TIMEZONE_PARAM IDENTIFIER

    DTYPE_TIMEZONE_PARAM shift and go to state 88


state 83

    (23) dtypeTwopart -> DTYPE_BOTH_1PARAM DTYPE_PART2 LPAREN parameter RPAREN .

    LBRACKET        reduce using rule 23 (dtypeTwopart -> DTYPE_BOTH_1PARAM DTYPE_PART2 LPAREN parameter RPAREN .)
    COMMA           reduce using rule 23 (dtypeTwopart -> DTYPE_BOTH_1PARAM DTYPE_PART2 LPAREN parameter RPAREN .)
    RPAREN          reduce using rule 23 (dtypeTwopart -> DTYPE_BOTH_1PARAM DTYPE_PART2 LPAREN parameter RPAREN .)
    NOT             reduce using rule 23 (dtypeTwopart -> DTYPE_BOTH_1PARAM DTYPE_PART2 LPAREN parameter RPAREN .)
    NULL            reduce using rule 23 (dtypeTwopart -> DTYPE_BOTH_1PARAM DTYPE_PART2 LPAREN parameter RPAREN .)
    UNIQUE          reduce using rule 23 (dtypeTwopart -> DTYPE_BOTH_1PARAM DTYPE_PART2 LPAREN parameter RPAREN .)


state 84

    (44) alterBody -> ADD CONSTRAINT IDENTIFIER . PRIMARY KEY LPAREN IDENTIFIER RPAREN
    (45) alterBody -> ADD CONSTRAINT IDENTIFIER . FOREIGN KEY LPAREN IDENTIFIER RPAREN REFERENCES IDENTIFIER LPAREN IDENTIFIER RPAREN
    (47) multi_attr_constr -> ADD CONSTRAINT IDENTIFIER . UNIQUE LPAREN multi_params RPAREN

    PRIMARY         shift and go to state 90
    FOREIGN         shift and go to state 91
    UNIQUE          shift and go to state 89


state 85

    (43) alterHeader -> ALTER TABLE ONLY IDENTIFIER .

    ADD             reduce using rule 43 (alterHeader -> ALTER TABLE ONLY IDENTIFIER .)


state 86

    (39) sequenceBlock -> SEQUENCE IDENTIFIER OWNED . BY IDENTIFIER PERIOD IDENTIFIER SEMICOLON

    BY              shift and go to state 92


state 87

    (20) dtypeSolo -> DTYPE_SOLO_1PARAM2 LPAREN parameter COMMA parameter RPAREN .

    LBRACKET        reduce using rule 20 (dtypeSolo -> DTYPE_SOLO_1PARAM2 LPAREN parameter COMMA parameter RPAREN .)
    COMMA           reduce using rule 20 (dtypeSolo -> DTYPE_SOLO_1PARAM2 LPAREN parameter COMMA parameter RPAREN .)
    RPAREN          reduce using rule 20 (dtypeSolo -> DTYPE_SOLO_1PARAM2 LPAREN parameter COMMA parameter RPAREN .)
    NOT             reduce using rule 20 (dtypeSolo -> DTYPE_SOLO_1PARAM2 LPAREN parameter COMMA parameter RPAREN .)
    NULL            reduce using rule 20 (dtypeSolo -> DTYPE_SOLO_1PARAM2 LPAREN parameter COMMA parameter RPAREN .)
    UNIQUE          reduce using rule 20 (dtypeSolo -> DTYPE_SOLO_1PARAM2 LPAREN parameter COMMA parameter RPAREN .)


state 88

    (26) dtypeTimezone -> DTYPE_TIMEZONE_PARAM LPAREN parameter RPAREN IDENTIFIER DTYPE_TIMEZONE_PARAM . IDENTIFIER

    IDENTIFIER      shift and go to state 93


state 89

    (47) multi_attr_constr -> ADD CONSTRAINT IDENTIFIER UNIQUE . LPAREN multi_params RPAREN

    LPAREN          shift and go to state 94


state 90

    (44) alterBody -> ADD CONSTRAINT IDENTIFIER PRIMARY . KEY LPAREN IDENTIFIER RPAREN

    KEY             shift and go to state 95


state 91

    (45) alterBody -> ADD CONSTRAINT IDENTIFIER FOREIGN . KEY LPAREN IDENTIFIER RPAREN REFERENCES IDENTIFIER LPAREN IDENTIFIER RPAREN

    KEY             shift and go to state 96


state 92

    (39) sequenceBlock -> SEQUENCE IDENTIFIER OWNED BY . IDENTIFIER PERIOD IDENTIFIER SEMICOLON

    IDENTIFIER      shift and go to state 97


state 93

    (26) dtypeTimezone -> DTYPE_TIMEZONE_PARAM LPAREN parameter RPAREN IDENTIFIER DTYPE_TIMEZONE_PARAM IDENTIFIER .

    LBRACKET        reduce using rule 26 (dtypeTimezone -> DTYPE_TIMEZONE_PARAM LPAREN parameter RPAREN IDENTIFIER DTYPE_TIMEZONE_PARAM IDENTIFIER .)
    COMMA           reduce using rule 26 (dtypeTimezone -> DTYPE_TIMEZONE_PARAM LPAREN parameter RPAREN IDENTIFIER DTYPE_TIMEZONE_PARAM IDENTIFIER .)
    RPAREN          reduce using rule 26 (dtypeTimezone -> DTYPE_TIMEZONE_PARAM LPAREN parameter RPAREN IDENTIFIER DTYPE_TIMEZONE_PARAM IDENTIFIER .)
    NOT             reduce using rule 26 (dtypeTimezone -> DTYPE_TIMEZONE_PARAM LPAREN parameter RPAREN IDENTIFIER DTYPE_TIMEZONE_PARAM IDENTIFIER .)
    NULL            reduce using rule 26 (dtypeTimezone -> DTYPE_TIMEZONE_PARAM LPAREN parameter RPAREN IDENTIFIER DTYPE_TIMEZONE_PARAM IDENTIFIER .)
    UNIQUE          reduce using rule 26 (dtypeTimezone -> DTYPE_TIMEZONE_PARAM LPAREN parameter RPAREN IDENTIFIER DTYPE_TIMEZONE_PARAM IDENTIFIER .)


state 94

    (47) multi_attr_constr -> ADD CONSTRAINT IDENTIFIER UNIQUE LPAREN . multi_params RPAREN
    (48) multi_params -> . multi_params multi_1param
    (49) multi_params -> . empty
    (52) empty -> .

    RPAREN          reduce using rule 52 (empty -> .)
    IDENTIFIER      reduce using rule 52 (empty -> .)

    multi_params                   shift and go to state 98
    empty                          shift and go to state 99

state 95

    (44) alterBody -> ADD CONSTRAINT IDENTIFIER PRIMARY KEY . LPAREN IDENTIFIER RPAREN

    LPAREN          shift and go to state 100


state 96

    (45) alterBody -> ADD CONSTRAINT IDENTIFIER FOREIGN KEY . LPAREN IDENTIFIER RPAREN REFERENCES IDENTIFIER LPAREN IDENTIFIER RPAREN

    LPAREN          shift and go to state 101


state 97

    (39) sequenceBlock -> SEQUENCE IDENTIFIER OWNED BY IDENTIFIER . PERIOD IDENTIFIER SEMICOLON

    PERIOD          shift and go to state 102


state 98

    (47) multi_attr_constr -> ADD CONSTRAINT IDENTIFIER UNIQUE LPAREN multi_params . RPAREN
    (48) multi_params -> multi_params . multi_1param
    (50) multi_1param -> . IDENTIFIER COMMA
    (51) multi_1param -> . IDENTIFIER

    RPAREN          shift and go to state 104
    IDENTIFIER      shift and go to state 103

    multi_1param                   shift and go to state 105

state 99

    (49) multi_params -> empty .

    RPAREN          reduce using rule 49 (multi_params -> empty .)
    IDENTIFIER      reduce using rule 49 (multi_params -> empty .)


state 100

    (44) alterBody -> ADD CONSTRAINT IDENTIFIER PRIMARY KEY LPAREN . IDENTIFIER RPAREN

    IDENTIFIER      shift and go to state 106


state 101

    (45) alterBody -> ADD CONSTRAINT IDENTIFIER FOREIGN KEY LPAREN . IDENTIFIER RPAREN REFERENCES IDENTIFIER LPAREN IDENTIFIER RPAREN

    IDENTIFIER      shift and go to state 107


state 102

    (39) sequenceBlock -> SEQUENCE IDENTIFIER OWNED BY IDENTIFIER PERIOD . IDENTIFIER SEMICOLON

    IDENTIFIER      shift and go to state 108


state 103

    (50) multi_1param -> IDENTIFIER . COMMA
    (51) multi_1param -> IDENTIFIER .

    COMMA           shift and go to state 109
    RPAREN          reduce using rule 51 (multi_1param -> IDENTIFIER .)
    IDENTIFIER      reduce using rule 51 (multi_1param -> IDENTIFIER .)


state 104

    (47) multi_attr_constr -> ADD CONSTRAINT IDENTIFIER UNIQUE LPAREN multi_params RPAREN .

    SEMICOLON       reduce using rule 47 (multi_attr_constr -> ADD CONSTRAINT IDENTIFIER UNIQUE LPAREN multi_params RPAREN .)


state 105

    (48) multi_params -> multi_params multi_1param .

    RPAREN          reduce using rule 48 (multi_params -> multi_params multi_1param .)
    IDENTIFIER      reduce using rule 48 (multi_params -> multi_params multi_1param .)


state 106

    (44) alterBody -> ADD CONSTRAINT IDENTIFIER PRIMARY KEY LPAREN IDENTIFIER . RPAREN

    RPAREN          shift and go to state 110


state 107

    (45) alterBody -> ADD CONSTRAINT IDENTIFIER FOREIGN KEY LPAREN IDENTIFIER . RPAREN REFERENCES IDENTIFIER LPAREN IDENTIFIER RPAREN

    RPAREN          shift and go to state 111


state 108

    (39) sequenceBlock -> SEQUENCE IDENTIFIER OWNED BY IDENTIFIER PERIOD IDENTIFIER . SEMICOLON

    SEMICOLON       shift and go to state 112


state 109

    (50) multi_1param -> IDENTIFIER COMMA .

    RPAREN          reduce using rule 50 (multi_1param -> IDENTIFIER COMMA .)
    IDENTIFIER      reduce using rule 50 (multi_1param -> IDENTIFIER COMMA .)


state 110

    (44) alterBody -> ADD CONSTRAINT IDENTIFIER PRIMARY KEY LPAREN IDENTIFIER RPAREN .

    SEMICOLON       reduce using rule 44 (alterBody -> ADD CONSTRAINT IDENTIFIER PRIMARY KEY LPAREN IDENTIFIER RPAREN .)


state 111

    (45) alterBody -> ADD CONSTRAINT IDENTIFIER FOREIGN KEY LPAREN IDENTIFIER RPAREN . REFERENCES IDENTIFIER LPAREN IDENTIFIER RPAREN

    REFERENCES      shift and go to state 113


state 112

    (39) sequenceBlock -> SEQUENCE IDENTIFIER OWNED BY IDENTIFIER PERIOD IDENTIFIER SEMICOLON .

    SEQUENCE        reduce using rule 39 (sequenceBlock -> SEQUENCE IDENTIFIER OWNED BY IDENTIFIER PERIOD IDENTIFIER SEMICOLON .)
    CREATE          reduce using rule 39 (sequenceBlock -> SEQUENCE IDENTIFIER OWNED BY IDENTIFIER PERIOD IDENTIFIER SEMICOLON .)
    ALTER           reduce using rule 39 (sequenceBlock -> SEQUENCE IDENTIFIER OWNED BY IDENTIFIER PERIOD IDENTIFIER SEMICOLON .)
    $end            reduce using rule 39 (sequenceBlock -> SEQUENCE IDENTIFIER OWNED BY IDENTIFIER PERIOD IDENTIFIER SEMICOLON .)


state 113

    (45) alterBody -> ADD CONSTRAINT IDENTIFIER FOREIGN KEY LPAREN IDENTIFIER RPAREN REFERENCES . IDENTIFIER LPAREN IDENTIFIER RPAREN

    IDENTIFIER      shift and go to state 114


state 114

    (45) alterBody -> ADD CONSTRAINT IDENTIFIER FOREIGN KEY LPAREN IDENTIFIER RPAREN REFERENCES IDENTIFIER . LPAREN IDENTIFIER RPAREN

    LPAREN          shift and go to state 115


state 115

    (45) alterBody -> ADD CONSTRAINT IDENTIFIER FOREIGN KEY LPAREN IDENTIFIER RPAREN REFERENCES IDENTIFIER LPAREN . IDENTIFIER RPAREN

    IDENTIFIER      shift and go to state 116


state 116

    (45) alterBody -> ADD CONSTRAINT IDENTIFIER FOREIGN KEY LPAREN IDENTIFIER RPAREN REFERENCES IDENTIFIER LPAREN IDENTIFIER . RPAREN

    RPAREN          shift and go to state 117


state 117

    (45) alterBody -> ADD CONSTRAINT IDENTIFIER FOREIGN KEY LPAREN IDENTIFIER RPAREN REFERENCES IDENTIFIER LPAREN IDENTIFIER RPAREN .

    SEMICOLON       reduce using rule 45 (alterBody -> ADD CONSTRAINT IDENTIFIER FOREIGN KEY LPAREN IDENTIFIER RPAREN REFERENCES IDENTIFIER LPAREN IDENTIFIER RPAREN .)

WARNING: 
WARNING: Conflicts:
WARNING: 
WARNING: shift/reduce conflict for COMMA in state 18 resolved as shift
WARNING: shift/reduce conflict for RPAREN in state 18 resolved as shift
